2020-12-28 14:55:40,214 CRIT Supervisor is running as root.  Privileges were not dropped because no user is specified in the config file.  If you intend to run as root, you can set user=root in the config file to avoid this message.
2020-12-28 14:55:40,217 INFO supervisord started with pid 1
2020-12-28 14:55:41,220 INFO spawned: 'laravel-worker_00' with pid 8
2020-12-28 14:55:41,221 INFO spawned: 'laravel-worker_01' with pid 9
2020-12-28 14:55:41,223 INFO spawned: 'laravel-worker_02' with pid 10
2020-12-28 14:55:41,224 INFO spawned: 'laravel-worker_03' with pid 11
2020-12-28 14:55:41,226 INFO spawned: 'laravel-worker_04' with pid 12
2020-12-28 14:55:41,228 INFO spawned: 'laravel-worker_05' with pid 13
2020-12-28 14:55:41,229 INFO spawned: 'laravel-worker_06' with pid 14
2020-12-28 14:55:41,231 INFO spawned: 'laravel-worker_07' with pid 15
2020-12-28 14:55:42,234 INFO success: laravel-worker_00 entered RUNNING state, process has stayed up for > than 1 seconds (startsecs)
2020-12-28 14:55:42,234 INFO success: laravel-worker_01 entered RUNNING state, process has stayed up for > than 1 seconds (startsecs)
2020-12-28 14:55:42,234 INFO success: laravel-worker_02 entered RUNNING state, process has stayed up for > than 1 seconds (startsecs)
2020-12-28 14:55:42,234 INFO success: laravel-worker_03 entered RUNNING state, process has stayed up for > than 1 seconds (startsecs)
2020-12-28 14:55:42,234 INFO success: laravel-worker_04 entered RUNNING state, process has stayed up for > than 1 seconds (startsecs)
2020-12-28 14:55:42,234 INFO success: laravel-worker_05 entered RUNNING state, process has stayed up for > than 1 seconds (startsecs)
2020-12-28 14:55:42,234 INFO success: laravel-worker_06 entered RUNNING state, process has stayed up for > than 1 seconds (startsecs)
2020-12-28 14:55:42,235 INFO success: laravel-worker_07 entered RUNNING state, process has stayed up for > than 1 seconds (startsecs)
2020-12-28 14:57:37,378 WARN received SIGQUIT indicating exit request
2020-12-28 14:57:37,378 INFO waiting for laravel-worker_00, laravel-worker_01, laravel-worker_02, laravel-worker_03, laravel-worker_04, laravel-worker_05, laravel-worker_06, laravel-worker_07 to die
2020-12-28 14:57:37,379 INFO stopped: laravel-worker_01 (terminated by SIGTERM)
2020-12-28 14:57:37,380 INFO stopped: laravel-worker_00 (terminated by SIGTERM)
2020-12-28 14:57:37,380 INFO stopped: laravel-worker_02 (terminated by SIGTERM)
2020-12-28 14:57:37,380 INFO stopped: laravel-worker_03 (terminated by SIGTERM)
2020-12-28 14:57:37,380 INFO stopped: laravel-worker_04 (terminated by SIGTERM)
2020-12-28 14:57:37,380 INFO stopped: laravel-worker_05 (terminated by SIGTERM)
2020-12-28 14:57:37,380 INFO stopped: laravel-worker_06 (terminated by SIGTERM)
2020-12-28 14:57:37,380 INFO stopped: laravel-worker_07 (terminated by SIGTERM)
2020-12-28 15:12:22,617 CRIT Supervisor is running as root.  Privileges were not dropped because no user is specified in the config file.  If you intend to run as root, you can set user=root in the config file to avoid this message.
2020-12-28 15:12:22,620 INFO supervisord started with pid 1
2020-12-28 15:12:23,623 INFO spawned: 'laravel-worker_00' with pid 9
2020-12-28 15:12:23,624 INFO spawned: 'laravel-worker_01' with pid 10
2020-12-28 15:12:23,626 INFO spawned: 'laravel-worker_02' with pid 11
2020-12-28 15:12:23,627 INFO spawned: 'laravel-worker_03' with pid 12
2020-12-28 15:12:23,629 INFO spawned: 'laravel-worker_04' with pid 13
2020-12-28 15:12:23,630 INFO spawned: 'laravel-worker_05' with pid 14
2020-12-28 15:12:23,633 INFO spawned: 'laravel-worker_06' with pid 15
2020-12-28 15:12:23,634 INFO spawned: 'laravel-worker_07' with pid 16
2020-12-28 15:12:24,637 INFO success: laravel-worker_00 entered RUNNING state, process has stayed up for > than 1 seconds (startsecs)
2020-12-28 15:12:24,637 INFO success: laravel-worker_01 entered RUNNING state, process has stayed up for > than 1 seconds (startsecs)
2020-12-28 15:12:24,637 INFO success: laravel-worker_02 entered RUNNING state, process has stayed up for > than 1 seconds (startsecs)
2020-12-28 15:12:24,637 INFO success: laravel-worker_03 entered RUNNING state, process has stayed up for > than 1 seconds (startsecs)
2020-12-28 15:12:24,637 INFO success: laravel-worker_04 entered RUNNING state, process has stayed up for > than 1 seconds (startsecs)
2020-12-28 15:12:24,637 INFO success: laravel-worker_05 entered RUNNING state, process has stayed up for > than 1 seconds (startsecs)
2020-12-28 15:12:24,637 INFO success: laravel-worker_06 entered RUNNING state, process has stayed up for > than 1 seconds (startsecs)
2020-12-28 15:12:24,637 INFO success: laravel-worker_07 entered RUNNING state, process has stayed up for > than 1 seconds (startsecs)
2020-12-28 15:13:04,685 WARN received SIGQUIT indicating exit request
2020-12-28 15:13:04,686 INFO waiting for laravel-worker_00, laravel-worker_01, laravel-worker_02, laravel-worker_03, laravel-worker_04, laravel-worker_05, laravel-worker_06, laravel-worker_07 to die
2020-12-28 15:13:04,687 INFO stopped: laravel-worker_01 (terminated by SIGTERM)
2020-12-28 15:13:04,687 INFO stopped: laravel-worker_02 (terminated by SIGTERM)
2020-12-28 15:13:04,687 INFO stopped: laravel-worker_03 (terminated by SIGTERM)
2020-12-28 15:13:04,687 INFO stopped: laravel-worker_04 (terminated by SIGTERM)
2020-12-28 15:13:04,687 INFO stopped: laravel-worker_05 (terminated by SIGTERM)
2020-12-28 15:13:04,687 INFO stopped: laravel-worker_06 (terminated by SIGTERM)
2020-12-28 15:13:04,687 INFO stopped: laravel-worker_07 (terminated by SIGTERM)
2020-12-28 15:13:04,688 INFO stopped: laravel-worker_00 (terminated by SIGTERM)
2020-12-28 15:13:05,474 CRIT Supervisor is running as root.  Privileges were not dropped because no user is specified in the config file.  If you intend to run as root, you can set user=root in the config file to avoid this message.
2020-12-28 15:13:05,476 INFO supervisord started with pid 1
2020-12-28 15:13:06,478 INFO spawned: 'laravel-worker_00' with pid 9
2020-12-28 15:13:06,480 INFO spawned: 'laravel-worker_01' with pid 10
2020-12-28 15:13:06,482 INFO spawned: 'laravel-worker_02' with pid 11
2020-12-28 15:13:06,483 INFO spawned: 'laravel-worker_03' with pid 12
2020-12-28 15:13:06,485 INFO spawned: 'laravel-worker_04' with pid 13
2020-12-28 15:13:06,487 INFO spawned: 'laravel-worker_05' with pid 14
2020-12-28 15:13:06,489 INFO spawned: 'laravel-worker_06' with pid 15
2020-12-28 15:13:06,495 INFO spawned: 'laravel-worker_07' with pid 16
2020-12-28 15:13:07,497 INFO success: laravel-worker_00 entered RUNNING state, process has stayed up for > than 1 seconds (startsecs)
2020-12-28 15:13:07,497 INFO success: laravel-worker_01 entered RUNNING state, process has stayed up for > than 1 seconds (startsecs)
2020-12-28 15:13:07,497 INFO success: laravel-worker_02 entered RUNNING state, process has stayed up for > than 1 seconds (startsecs)
2020-12-28 15:13:07,497 INFO success: laravel-worker_03 entered RUNNING state, process has stayed up for > than 1 seconds (startsecs)
2020-12-28 15:13:07,497 INFO success: laravel-worker_04 entered RUNNING state, process has stayed up for > than 1 seconds (startsecs)
2020-12-28 15:13:07,497 INFO success: laravel-worker_05 entered RUNNING state, process has stayed up for > than 1 seconds (startsecs)
2020-12-28 15:13:07,497 INFO success: laravel-worker_06 entered RUNNING state, process has stayed up for > than 1 seconds (startsecs)
2020-12-28 15:13:07,497 INFO success: laravel-worker_07 entered RUNNING state, process has stayed up for > than 1 seconds (startsecs)
2020-12-28 15:13:51,551 WARN received SIGQUIT indicating exit request
2020-12-28 15:13:51,551 INFO waiting for laravel-worker_00, laravel-worker_01, laravel-worker_02, laravel-worker_03, laravel-worker_04, laravel-worker_05, laravel-worker_06, laravel-worker_07 to die
2020-12-28 15:13:51,552 INFO stopped: laravel-worker_02 (terminated by SIGTERM)
2020-12-28 15:13:51,552 INFO stopped: laravel-worker_01 (terminated by SIGTERM)
2020-12-28 15:13:51,552 INFO stopped: laravel-worker_00 (terminated by SIGTERM)
2020-12-28 15:13:51,553 INFO stopped: laravel-worker_03 (terminated by SIGTERM)
2020-12-28 15:13:51,553 INFO stopped: laravel-worker_04 (terminated by SIGTERM)
2020-12-28 15:13:51,553 INFO stopped: laravel-worker_05 (terminated by SIGTERM)
2020-12-28 15:13:51,553 INFO stopped: laravel-worker_07 (terminated by SIGTERM)
2020-12-28 15:13:52,554 INFO stopped: laravel-worker_06 (terminated by SIGTERM)
2020-12-28 15:16:22,288 CRIT Supervisor is running as root.  Privileges were not dropped because no user is specified in the config file.  If you intend to run as root, you can set user=root in the config file to avoid this message.
2020-12-28 15:16:22,290 INFO supervisord started with pid 1
2020-12-28 15:16:23,293 INFO spawned: 'laravel-worker_00' with pid 9
2020-12-28 15:16:23,294 INFO spawned: 'laravel-worker_01' with pid 10
2020-12-28 15:16:23,296 INFO spawned: 'laravel-worker_02' with pid 11
2020-12-28 15:16:23,297 INFO spawned: 'laravel-worker_03' with pid 12
2020-12-28 15:16:23,299 INFO spawned: 'laravel-worker_04' with pid 13
2020-12-28 15:16:23,301 INFO spawned: 'laravel-worker_05' with pid 14
2020-12-28 15:16:23,302 INFO spawned: 'laravel-worker_06' with pid 15
2020-12-28 15:16:23,305 INFO spawned: 'laravel-worker_07' with pid 16
2020-12-28 15:16:24,307 INFO success: laravel-worker_00 entered RUNNING state, process has stayed up for > than 1 seconds (startsecs)
2020-12-28 15:16:24,307 INFO success: laravel-worker_01 entered RUNNING state, process has stayed up for > than 1 seconds (startsecs)
2020-12-28 15:16:24,307 INFO success: laravel-worker_02 entered RUNNING state, process has stayed up for > than 1 seconds (startsecs)
2020-12-28 15:16:24,307 INFO success: laravel-worker_03 entered RUNNING state, process has stayed up for > than 1 seconds (startsecs)
2020-12-28 15:16:24,307 INFO success: laravel-worker_04 entered RUNNING state, process has stayed up for > than 1 seconds (startsecs)
2020-12-28 15:16:24,307 INFO success: laravel-worker_05 entered RUNNING state, process has stayed up for > than 1 seconds (startsecs)
2020-12-28 15:16:24,307 INFO success: laravel-worker_06 entered RUNNING state, process has stayed up for > than 1 seconds (startsecs)
2020-12-28 15:16:24,307 INFO success: laravel-worker_07 entered RUNNING state, process has stayed up for > than 1 seconds (startsecs)
2020-12-28 15:16:40,327 WARN received SIGQUIT indicating exit request
2020-12-28 15:16:40,328 INFO waiting for laravel-worker_00, laravel-worker_01, laravel-worker_02, laravel-worker_03, laravel-worker_04, laravel-worker_05, laravel-worker_06, laravel-worker_07 to die
2020-12-28 15:16:40,329 INFO stopped: laravel-worker_00 (terminated by SIGTERM)
2020-12-28 15:16:40,329 INFO stopped: laravel-worker_01 (terminated by SIGTERM)
2020-12-28 15:16:40,329 INFO stopped: laravel-worker_02 (terminated by SIGTERM)
2020-12-28 15:16:40,329 INFO stopped: laravel-worker_03 (terminated by SIGTERM)
2020-12-28 15:16:40,329 INFO stopped: laravel-worker_04 (terminated by SIGTERM)
2020-12-28 15:16:40,329 INFO stopped: laravel-worker_05 (terminated by SIGTERM)
2020-12-28 15:16:40,330 INFO stopped: laravel-worker_06 (terminated by SIGTERM)
2020-12-28 15:16:40,330 INFO stopped: laravel-worker_07 (terminated by SIGTERM)
2020-12-28 15:19:02,590 CRIT Supervisor is running as root.  Privileges were not dropped because no user is specified in the config file.  If you intend to run as root, you can set user=root in the config file to avoid this message.
2020-12-28 15:19:02,592 INFO supervisord started with pid 1
2020-12-28 15:19:03,595 INFO spawned: 'php-fpm' with pid 8
2020-12-28 15:19:03,598 INFO spawned: 'laravel-worker_00' with pid 9
2020-12-28 15:19:03,600 INFO spawned: 'laravel-worker_01' with pid 10
2020-12-28 15:19:03,602 INFO spawned: 'laravel-worker_02' with pid 11
2020-12-28 15:19:03,604 INFO spawned: 'laravel-worker_03' with pid 12
2020-12-28 15:19:03,606 INFO spawned: 'laravel-worker_04' with pid 13
2020-12-28 15:19:03,608 INFO spawned: 'laravel-worker_05' with pid 14
2020-12-28 15:19:03,610 INFO spawned: 'laravel-worker_06' with pid 15
2020-12-28 15:19:03,612 INFO spawned: 'laravel-worker_07' with pid 16
2020-12-28 15:19:03,618 CRIT uncaptured python exception, closing channel <POutputDispatcher at 140090317546832 for <Subprocess at 140090317937296 with name php-fpm in state STARTING> (stderr)> (<class 'OSError'>:[Errno 29] Invalid seek [/usr/lib/python3.8/site-packages/supervisor/supervisord.py|runforever|220] [/usr/lib/python3.8/site-packages/supervisor/dispatchers.py|handle_read_event|270] [/usr/lib/python3.8/site-packages/supervisor/dispatchers.py|record_output|204] [/usr/lib/python3.8/site-packages/supervisor/dispatchers.py|_log|173] [/usr/lib/python3.8/site-packages/supervisor/loggers.py|info|327] [/usr/lib/python3.8/site-packages/supervisor/loggers.py|log|345] [/usr/lib/python3.8/site-packages/supervisor/loggers.py|emit|227] [/usr/lib/python3.8/site-packages/supervisor/loggers.py|doRollover|264])
2020-12-28 15:19:03,619 CRIT uncaptured python exception, closing channel <POutputDispatcher at 140090317546832 for <Subprocess at 140090317937296 with name php-fpm in state STARTING> (stderr)> (<class 'OSError'>:[Errno 29] Invalid seek [/usr/lib/python3.8/site-packages/supervisor/supervisord.py|runforever|220] [/usr/lib/python3.8/site-packages/supervisor/dispatchers.py|handle_read_event|270] [/usr/lib/python3.8/site-packages/supervisor/dispatchers.py|record_output|204] [/usr/lib/python3.8/site-packages/supervisor/dispatchers.py|_log|173] [/usr/lib/python3.8/site-packages/supervisor/loggers.py|info|327] [/usr/lib/python3.8/site-packages/supervisor/loggers.py|log|345] [/usr/lib/python3.8/site-packages/supervisor/loggers.py|emit|227] [/usr/lib/python3.8/site-packages/supervisor/loggers.py|doRollover|264])
2020-12-28 15:19:04,620 INFO success: php-fpm entered RUNNING state, process has stayed up for > than 1 seconds (startsecs)
2020-12-28 15:19:04,620 INFO success: laravel-worker_00 entered RUNNING state, process has stayed up for > than 1 seconds (startsecs)
2020-12-28 15:19:04,620 INFO success: laravel-worker_01 entered RUNNING state, process has stayed up for > than 1 seconds (startsecs)
2020-12-28 15:19:04,620 INFO success: laravel-worker_02 entered RUNNING state, process has stayed up for > than 1 seconds (startsecs)
2020-12-28 15:19:04,620 INFO success: laravel-worker_03 entered RUNNING state, process has stayed up for > than 1 seconds (startsecs)
2020-12-28 15:19:04,620 INFO success: laravel-worker_04 entered RUNNING state, process has stayed up for > than 1 seconds (startsecs)
2020-12-28 15:19:04,620 INFO success: laravel-worker_05 entered RUNNING state, process has stayed up for > than 1 seconds (startsecs)
2020-12-28 15:19:04,621 INFO success: laravel-worker_06 entered RUNNING state, process has stayed up for > than 1 seconds (startsecs)
2020-12-28 15:19:04,621 INFO success: laravel-worker_07 entered RUNNING state, process has stayed up for > than 1 seconds (startsecs)
2020-12-28 15:19:21,328 CRIT uncaptured python exception, closing channel <POutputDispatcher at 140090317546832 for <Subprocess at 140090317937296 with name php-fpm in state RUNNING> (stderr)> (<class 'OSError'>:[Errno 29] Invalid seek [/usr/lib/python3.8/site-packages/supervisor/supervisord.py|runforever|220] [/usr/lib/python3.8/site-packages/supervisor/dispatchers.py|handle_read_event|270] [/usr/lib/python3.8/site-packages/supervisor/dispatchers.py|record_output|204] [/usr/lib/python3.8/site-packages/supervisor/dispatchers.py|_log|173] [/usr/lib/python3.8/site-packages/supervisor/loggers.py|info|327] [/usr/lib/python3.8/site-packages/supervisor/loggers.py|log|345] [/usr/lib/python3.8/site-packages/supervisor/loggers.py|emit|227] [/usr/lib/python3.8/site-packages/supervisor/loggers.py|doRollover|264])
2020-12-28 15:19:21,478 CRIT uncaptured python exception, closing channel <POutputDispatcher at 140090317546832 for <Subprocess at 140090317937296 with name php-fpm in state RUNNING> (stderr)> (<class 'OSError'>:[Errno 29] Invalid seek [/usr/lib/python3.8/site-packages/supervisor/supervisord.py|runforever|220] [/usr/lib/python3.8/site-packages/supervisor/dispatchers.py|handle_read_event|270] [/usr/lib/python3.8/site-packages/supervisor/dispatchers.py|record_output|204] [/usr/lib/python3.8/site-packages/supervisor/dispatchers.py|_log|173] [/usr/lib/python3.8/site-packages/supervisor/loggers.py|info|327] [/usr/lib/python3.8/site-packages/supervisor/loggers.py|log|345] [/usr/lib/python3.8/site-packages/supervisor/loggers.py|emit|227] [/usr/lib/python3.8/site-packages/supervisor/loggers.py|doRollover|264])
2020-12-28 15:19:21,859 CRIT uncaptured python exception, closing channel <POutputDispatcher at 140090317546832 for <Subprocess at 140090317937296 with name php-fpm in state RUNNING> (stderr)> (<class 'OSError'>:[Errno 29] Invalid seek [/usr/lib/python3.8/site-packages/supervisor/supervisord.py|runforever|220] [/usr/lib/python3.8/site-packages/supervisor/dispatchers.py|handle_read_event|270] [/usr/lib/python3.8/site-packages/supervisor/dispatchers.py|record_output|204] [/usr/lib/python3.8/site-packages/supervisor/dispatchers.py|_log|173] [/usr/lib/python3.8/site-packages/supervisor/loggers.py|info|327] [/usr/lib/python3.8/site-packages/supervisor/loggers.py|log|345] [/usr/lib/python3.8/site-packages/supervisor/loggers.py|emit|227] [/usr/lib/python3.8/site-packages/supervisor/loggers.py|doRollover|264])
2020-12-28 15:20:00,450 CRIT uncaptured python exception, closing channel <POutputDispatcher at 140090317546832 for <Subprocess at 140090317937296 with name php-fpm in state RUNNING> (stderr)> (<class 'OSError'>:[Errno 29] Invalid seek [/usr/lib/python3.8/site-packages/supervisor/supervisord.py|runforever|220] [/usr/lib/python3.8/site-packages/supervisor/dispatchers.py|handle_read_event|270] [/usr/lib/python3.8/site-packages/supervisor/dispatchers.py|record_output|204] [/usr/lib/python3.8/site-packages/supervisor/dispatchers.py|_log|173] [/usr/lib/python3.8/site-packages/supervisor/loggers.py|info|327] [/usr/lib/python3.8/site-packages/supervisor/loggers.py|log|345] [/usr/lib/python3.8/site-packages/supervisor/loggers.py|emit|227] [/usr/lib/python3.8/site-packages/supervisor/loggers.py|doRollover|264])
2020-12-28 15:20:00,678 CRIT uncaptured python exception, closing channel <POutputDispatcher at 140090317546832 for <Subprocess at 140090317937296 with name php-fpm in state RUNNING> (stderr)> (<class 'OSError'>:[Errno 29] Invalid seek [/usr/lib/python3.8/site-packages/supervisor/supervisord.py|runforever|220] [/usr/lib/python3.8/site-packages/supervisor/dispatchers.py|handle_read_event|270] [/usr/lib/python3.8/site-packages/supervisor/dispatchers.py|record_output|204] [/usr/lib/python3.8/site-packages/supervisor/dispatchers.py|_log|173] [/usr/lib/python3.8/site-packages/supervisor/loggers.py|info|327] [/usr/lib/python3.8/site-packages/supervisor/loggers.py|log|345] [/usr/lib/python3.8/site-packages/supervisor/loggers.py|emit|227] [/usr/lib/python3.8/site-packages/supervisor/loggers.py|doRollover|264])
2020-12-28 15:20:01,090 CRIT uncaptured python exception, closing channel <POutputDispatcher at 140090317546832 for <Subprocess at 140090317937296 with name php-fpm in state RUNNING> (stderr)> (<class 'OSError'>:[Errno 29] Invalid seek [/usr/lib/python3.8/site-packages/supervisor/supervisord.py|runforever|220] [/usr/lib/python3.8/site-packages/supervisor/dispatchers.py|handle_read_event|270] [/usr/lib/python3.8/site-packages/supervisor/dispatchers.py|record_output|204] [/usr/lib/python3.8/site-packages/supervisor/dispatchers.py|_log|173] [/usr/lib/python3.8/site-packages/supervisor/loggers.py|info|327] [/usr/lib/python3.8/site-packages/supervisor/loggers.py|log|345] [/usr/lib/python3.8/site-packages/supervisor/loggers.py|emit|227] [/usr/lib/python3.8/site-packages/supervisor/loggers.py|doRollover|264])
2020-12-28 15:29:09,784 WARN received SIGQUIT indicating exit request
2020-12-28 15:29:09,785 INFO waiting for php-fpm, laravel-worker_00, laravel-worker_01, laravel-worker_02, laravel-worker_03, laravel-worker_04, laravel-worker_05, laravel-worker_06, laravel-worker_07 to die
2020-12-28 15:29:09,787 INFO stopped: laravel-worker_00 (terminated by SIGTERM)
2020-12-28 15:29:09,787 INFO stopped: laravel-worker_01 (terminated by SIGTERM)
2020-12-28 15:29:09,787 INFO stopped: laravel-worker_03 (terminated by SIGTERM)
2020-12-28 15:29:09,788 INFO stopped: laravel-worker_02 (terminated by SIGTERM)
2020-12-28 15:29:09,788 INFO stopped: laravel-worker_04 (terminated by SIGTERM)
2020-12-28 15:29:09,788 INFO stopped: laravel-worker_05 (terminated by SIGTERM)
2020-12-28 15:29:09,789 INFO stopped: laravel-worker_06 (terminated by SIGTERM)
2020-12-28 15:29:09,789 INFO stopped: laravel-worker_07 (terminated by SIGTERM)
2020-12-28 15:29:09,790 CRIT uncaptured python exception, closing channel <POutputDispatcher at 140090317546832 for <Subprocess at 140090317937296 with name php-fpm in state STOPPING> (stderr)> (<class 'OSError'>:[Errno 29] Invalid seek [/usr/lib/python3.8/site-packages/supervisor/supervisord.py|runforever|220] [/usr/lib/python3.8/site-packages/supervisor/dispatchers.py|handle_read_event|270] [/usr/lib/python3.8/site-packages/supervisor/dispatchers.py|record_output|204] [/usr/lib/python3.8/site-packages/supervisor/dispatchers.py|_log|173] [/usr/lib/python3.8/site-packages/supervisor/loggers.py|info|327] [/usr/lib/python3.8/site-packages/supervisor/loggers.py|log|345] [/usr/lib/python3.8/site-packages/supervisor/loggers.py|emit|227] [/usr/lib/python3.8/site-packages/supervisor/loggers.py|doRollover|264])
2020-12-28 15:29:09,791 CRIT uncaptured python exception, closing channel <POutputDispatcher at 140090317546832 for <Subprocess at 140090317937296 with name php-fpm in state STOPPING> (stderr)> (<class 'OSError'>:[Errno 29] Invalid seek [/usr/lib/python3.8/site-packages/supervisor/supervisord.py|runforever|220] [/usr/lib/python3.8/site-packages/supervisor/dispatchers.py|handle_read_event|270] [/usr/lib/python3.8/site-packages/supervisor/dispatchers.py|record_output|204] [/usr/lib/python3.8/site-packages/supervisor/dispatchers.py|_log|173] [/usr/lib/python3.8/site-packages/supervisor/loggers.py|info|327] [/usr/lib/python3.8/site-packages/supervisor/loggers.py|log|345] [/usr/lib/python3.8/site-packages/supervisor/loggers.py|emit|227] [/usr/lib/python3.8/site-packages/supervisor/loggers.py|doRollover|264])
2020-12-28 15:29:09,795 INFO stopped: php-fpm (exit status 0)
2020-12-28 15:34:35,771 CRIT Supervisor is running as root.  Privileges were not dropped because no user is specified in the config file.  If you intend to run as root, you can set user=root in the config file to avoid this message.
2020-12-28 15:34:35,773 INFO supervisord started with pid 1
2020-12-28 15:34:36,775 INFO spawned: 'php-fpm' with pid 8
2020-12-28 15:34:36,777 INFO spawned: 'laravel-worker_00' with pid 9
2020-12-28 15:34:36,779 INFO spawned: 'laravel-worker_01' with pid 10
2020-12-28 15:34:36,781 INFO spawned: 'laravel-worker_02' with pid 11
2020-12-28 15:34:36,783 INFO spawned: 'laravel-worker_03' with pid 12
2020-12-28 15:34:36,785 INFO spawned: 'laravel-worker_04' with pid 13
2020-12-28 15:34:36,787 INFO spawned: 'laravel-worker_05' with pid 14
2020-12-28 15:34:36,789 INFO spawned: 'laravel-worker_06' with pid 15
2020-12-28 15:34:36,791 INFO spawned: 'laravel-worker_07' with pid 16
2020-12-28 15:34:36,811 CRIT uncaptured python exception, closing channel <POutputDispatcher at 139655599902832 for <Subprocess at 139655599905472 with name php-fpm in state STARTING> (stderr)> (<class 'OSError'>:[Errno 29] Invalid seek [/usr/lib/python3.8/site-packages/supervisor/supervisord.py|runforever|220] [/usr/lib/python3.8/site-packages/supervisor/dispatchers.py|handle_read_event|270] [/usr/lib/python3.8/site-packages/supervisor/dispatchers.py|record_output|204] [/usr/lib/python3.8/site-packages/supervisor/dispatchers.py|_log|173] [/usr/lib/python3.8/site-packages/supervisor/loggers.py|info|327] [/usr/lib/python3.8/site-packages/supervisor/loggers.py|log|345] [/usr/lib/python3.8/site-packages/supervisor/loggers.py|emit|227] [/usr/lib/python3.8/site-packages/supervisor/loggers.py|doRollover|264])
2020-12-28 15:34:37,757 CRIT uncaptured python exception, closing channel <POutputDispatcher at 139655599902832 for <Subprocess at 139655599905472 with name php-fpm in state STARTING> (stderr)> (<class 'OSError'>:[Errno 29] Invalid seek [/usr/lib/python3.8/site-packages/supervisor/supervisord.py|runforever|220] [/usr/lib/python3.8/site-packages/supervisor/dispatchers.py|handle_read_event|270] [/usr/lib/python3.8/site-packages/supervisor/dispatchers.py|record_output|204] [/usr/lib/python3.8/site-packages/supervisor/dispatchers.py|_log|173] [/usr/lib/python3.8/site-packages/supervisor/loggers.py|info|327] [/usr/lib/python3.8/site-packages/supervisor/loggers.py|log|345] [/usr/lib/python3.8/site-packages/supervisor/loggers.py|emit|227] [/usr/lib/python3.8/site-packages/supervisor/loggers.py|doRollover|264])
2020-12-28 15:34:37,908 CRIT uncaptured python exception, closing channel <POutputDispatcher at 139655599902832 for <Subprocess at 139655599905472 with name php-fpm in state STARTING> (stderr)> (<class 'OSError'>:[Errno 29] Invalid seek [/usr/lib/python3.8/site-packages/supervisor/supervisord.py|runforever|220] [/usr/lib/python3.8/site-packages/supervisor/dispatchers.py|handle_read_event|270] [/usr/lib/python3.8/site-packages/supervisor/dispatchers.py|record_output|204] [/usr/lib/python3.8/site-packages/supervisor/dispatchers.py|_log|173] [/usr/lib/python3.8/site-packages/supervisor/loggers.py|info|327] [/usr/lib/python3.8/site-packages/supervisor/loggers.py|log|345] [/usr/lib/python3.8/site-packages/supervisor/loggers.py|emit|227] [/usr/lib/python3.8/site-packages/supervisor/loggers.py|doRollover|264])
2020-12-28 15:34:37,909 INFO success: php-fpm entered RUNNING state, process has stayed up for > than 1 seconds (startsecs)
2020-12-28 15:34:37,909 INFO success: laravel-worker_00 entered RUNNING state, process has stayed up for > than 1 seconds (startsecs)
2020-12-28 15:34:37,909 INFO success: laravel-worker_01 entered RUNNING state, process has stayed up for > than 1 seconds (startsecs)
2020-12-28 15:34:37,909 INFO success: laravel-worker_02 entered RUNNING state, process has stayed up for > than 1 seconds (startsecs)
2020-12-28 15:34:37,909 INFO success: laravel-worker_03 entered RUNNING state, process has stayed up for > than 1 seconds (startsecs)
2020-12-28 15:34:37,909 INFO success: laravel-worker_04 entered RUNNING state, process has stayed up for > than 1 seconds (startsecs)
2020-12-28 15:34:37,909 INFO success: laravel-worker_05 entered RUNNING state, process has stayed up for > than 1 seconds (startsecs)
2020-12-28 15:34:37,909 INFO success: laravel-worker_06 entered RUNNING state, process has stayed up for > than 1 seconds (startsecs)
2020-12-28 15:34:37,909 INFO success: laravel-worker_07 entered RUNNING state, process has stayed up for > than 1 seconds (startsecs)
